<?xml version="1.0" encoding="UTF-8"?>
<!-- Generated by org.testng.reporters.JUnitXMLReporter -->
<testsuite hostname="AluMalu" ignored="0" name="Default test" tests="4" failures="0" timestamp="2020-09-06T16:34:51 EDT" time="39.875" errors="0">
  <testcase name="invalidLogin" time="0.638" classname="com.hrms.testcases.LoginTest"/>
  <testcase name="invalidLogin" time="0.447" classname="com.hrms.testcases.LoginTest"/>
  <testcase name="invalidLogin" time="1.522" classname="com.hrms.testcases.LoginTest"/>
  <testcase name="validLogin" time="2.568" classname="com.hrms.testcases.LoginTest"/>
</testsuite> <!-- Default test -->
