<?xml version="1.0" encoding="UTF-8"?>
<!-- Generated by org.testng.reporters.JUnitXMLReporter -->
<testsuite hostname="AluMalu" ignored="1" name="Regression Test" tests="3" failures="0" timestamp="2020-09-06T16:49:03 EDT" time="26.639" errors="0">
  <testcase name="invalidLogin" time="0.796" classname="com.hrms.testcases.LoginTest"/>
  <testcase name="invalidLogin" time="0.642" classname="com.hrms.testcases.LoginTest"/>
  <testcase name="invalidLogin" time="1.282" classname="com.hrms.testcases.LoginTest"/>
  <testcase name="validLogin" time="0.0" classname="com.hrms.testcases.LoginTest">
    <ignored/>
  </testcase> <!-- validLogin -->
</testsuite> <!-- Regression Test -->
